**************noise 0.05**********************
INFO:absl:MUJOCO_GL=egl, attempting to import specified OpenGL backend.
INFO:OpenGL.acceleratesupport:No OpenGL_accelerate module loaded: No module named 'OpenGL_accelerate'
INFO:absl:MuJoCo library version is: 2.3.5
/home/sbkim/miniconda3/envs/torchbeast/lib/python3.7/site-packages/torchvision/io/image.py:13: UserWarning: Failed to load image Python extension: /home/sbkim/miniconda3/envs/torchbeast/lib/python3.7/site-packages/torchvision/image.so: undefined symbol: _ZN5torch3jit17parseSchemaOrNameERKNSt7__cxx1112basic_stringIcSt11char_traitsIcESaIcEEE
  warn(f"Failed to load image Python extension: {e}")
WARNING:absl:Cannot set velocity on Entity with no free joint.
WARNING:absl:Cannot set velocity on Entity with no free joint.
INFO:root:Episode ended after 1000 steps. Return: 3.0
WARNING:absl:Cannot set velocity on Entity with no free joint.
INFO:root:Episode ended after 1000 steps. Return: 5.0
WARNING:absl:Cannot set velocity on Entity with no free joint.
INFO:root:Episode ended after 1000 steps. Return: 9.0
WARNING:absl:Cannot set velocity on Entity with no free joint.
INFO:root:Episode ended after 1000 steps. Return: 5.0
WARNING:absl:Cannot set velocity on Entity with no free joint.
INFO:root:Episode ended after 1000 steps. Return: 13.0
WARNING:absl:Cannot set velocity on Entity with no free joint.
INFO:root:Episode ended after 1000 steps. Return: 3.0
WARNING:absl:Cannot set velocity on Entity with no free joint.
INFO:root:Episode ended after 1000 steps. Return: 26.0
WARNING:absl:Cannot set velocity on Entity with no free joint.
INFO:root:Episode ended after 1000 steps. Return: 8.0
WARNING:absl:Cannot set velocity on Entity with no free joint.
INFO:root:Episode ended after 1000 steps. Return: 22.0
WARNING:absl:Cannot set velocity on Entity with no free joint.
INFO:root:Episode ended after 1000 steps. Return: 17.0
WARNING:absl:Cannot set velocity on Entity with no free joint.
INFO:root:Episode ended after 1000 steps. Return: 3.0
WARNING:absl:Cannot set velocity on Entity with no free joint.
INFO:root:Episode ended after 1000 steps. Return: 12.0
WARNING:absl:Cannot set velocity on Entity with no free joint.
INFO:root:Episode ended after 1000 steps. Return: 10.0
WARNING:absl:Cannot set velocity on Entity with no free joint.
INFO:root:Episode ended after 1000 steps. Return: 3.0
WARNING:absl:Cannot set velocity on Entity with no free joint.
INFO:root:Episode ended after 1000 steps. Return: 15.0
WARNING:absl:Cannot set velocity on Entity with no free joint.
INFO:root:Episode ended after 1000 steps. Return: 1.0
WARNING:absl:Cannot set velocity on Entity with no free joint.
INFO:root:Episode ended after 1000 steps. Return: 3.0
WARNING:absl:Cannot set velocity on Entity with no free joint.
INFO:root:Episode ended after 1000 steps. Return: 15.0
WARNING:absl:Cannot set velocity on Entity with no free joint.
INFO:root:Episode ended after 1000 steps. Return: 17.0
WARNING:absl:Cannot set velocity on Entity with no free joint.
INFO:root:Episode ended after 1000 steps. Return: 13.0
WARNING:absl:Cannot set velocity on Entity with no free joint.
INFO:root:Episode ended after 1000 steps. Return: 15.0
WARNING:absl:Cannot set velocity on Entity with no free joint.
INFO:root:Episode ended after 1000 steps. Return: 19.0
WARNING:absl:Cannot set velocity on Entity with no free joint.
INFO:root:Episode ended after 1000 steps. Return: 4.0
WARNING:absl:Cannot set velocity on Entity with no free joint.
INFO:root:Episode ended after 1000 steps. Return: 10.0
WARNING:absl:Cannot set velocity on Entity with no free joint.
INFO:root:Episode ended after 1000 steps. Return: 7.0
WARNING:absl:Cannot set velocity on Entity with no free joint.
INFO:root:Episode ended after 1000 steps. Return: 21.0
WARNING:absl:Cannot set velocity on Entity with no free joint.
INFO:root:Episode ended after 1000 steps. Return: 1.0
WARNING:absl:Cannot set velocity on Entity with no free joint.
INFO:root:Episode ended after 1000 steps. Return: 22.0
WARNING:absl:Cannot set velocity on Entity with no free joint.
INFO:root:Episode ended after 1000 steps. Return: 13.0
WARNING:absl:Cannot set velocity on Entity with no free joint.
INFO:root:Episode ended after 1000 steps. Return: 4.0
WARNING:absl:Cannot set velocity on Entity with no free joint.
INFO:root:Episode ended after 1000 steps. Return: 8.0
WARNING:absl:Cannot set velocity on Entity with no free joint.
INFO:root:Episode ended after 1000 steps. Return: 8.0
WARNING:absl:Cannot set velocity on Entity with no free joint.
INFO:root:Episode ended after 1000 steps. Return: 16.0
WARNING:absl:Cannot set velocity on Entity with no free joint.
INFO:root:Episode ended after 1000 steps. Return: 13.0
WARNING:absl:Cannot set velocity on Entity with no free joint.
INFO:root:Episode ended after 1000 steps. Return: 2.0
WARNING:absl:Cannot set velocity on Entity with no free joint.
INFO:root:Episode ended after 1000 steps. Return: 3.0
WARNING:absl:Cannot set velocity on Entity with no free joint.
INFO:root:Episode ended after 1000 steps. Return: 18.0
WARNING:absl:Cannot set velocity on Entity with no free joint.
INFO:root:Episode ended after 1000 steps. Return: 0.0
WARNING:absl:Cannot set velocity on Entity with no free joint.
INFO:root:Episode ended after 1000 steps. Return: 17.0
WARNING:absl:Cannot set velocity on Entity with no free joint.
INFO:root:Episode ended after 1000 steps. Return: 3.0
WARNING:absl:Cannot set velocity on Entity with no free joint.
INFO:root:Episode ended after 1000 steps. Return: 17.0
WARNING:absl:Cannot set velocity on Entity with no free joint.
INFO:root:Episode ended after 1000 steps. Return: 13.0
WARNING:absl:Cannot set velocity on Entity with no free joint.
INFO:root:Episode ended after 1000 steps. Return: 0.0
WARNING:absl:Cannot set velocity on Entity with no free joint.
INFO:root:Episode ended after 1000 steps. Return: 18.0
WARNING:absl:Cannot set velocity on Entity with no free joint.
INFO:root:Episode ended after 1000 steps. Return: 9.0
WARNING:absl:Cannot set velocity on Entity with no free joint.
INFO:root:Episode ended after 1000 steps. Return: 16.0
WARNING:absl:Cannot set velocity on Entity with no free joint.
INFO:root:Episode ended after 1000 steps. Return: 1.0
WARNING:absl:Cannot set velocity on Entity with no free joint.
INFO:root:Episode ended after 1000 steps. Return: 5.0
WARNING:absl:Cannot set velocity on Entity with no free joint.
INFO:root:Episode ended after 1000 steps. Return: 7.0
WARNING:absl:Cannot set velocity on Entity with no free joint.
INFO:root:Episode ended after 1000 steps. Return: 21.0
INFO:root:Average returns over 50 steps: 10.3
INFO:root:Average returns over 50 steps: 10.3
Namespace(alpha=0.99, baseline_cost=0.5, batch_size=32, disable_checkpoint=False, disable_cuda=False, discounting=0.99, entropy_cost=0.001, env='memory_maze:MemoryMaze-15x15-ExtraObs-v0', epsilon=1e-07, gpu_n=3, grad_norm_clipping=40.0, learning_rate=0.0002, mode='test', momentum=0, num_actors=12, num_buffers=None, num_learner_threads=2, pos_noise=0.05, posemb='noisygt', record='True', reward_clipping='abs_one', savedir='../logs', total_steps=100000000, unroll_length=100, use_int_rew=False, use_lstm=False, wandb_mode='online', xpid=None)
10.28

**************noise 0.50**********************
Namespace(alpha=0.99, baseline_cost=0.5, batch_size=32, disable_checkpoint=False, disable_cuda=False, discounting=0.99, entropy_cost=0.001, env='memory_maze:MemoryMaze-15x15-ExtraObs-v0', epsilon=1e-07, gpu_n=3, grad_norm_clipping=40.0, learning_rate=0.0002, mode='test', momentum=0, num_actors=12, num_buffers=None, num_learner_threads=2, pos_noise=0.5, posemb='noisygt', record='True', reward_clipping='abs_one', savedir='../logs', total_steps=100000000, unroll_length=100, use_int_rew=False, use_lstm=False, wandb_mode='online', xpid=None)
INFO:absl:MUJOCO_GL=egl, attempting to import specified OpenGL backend.
INFO:OpenGL.acceleratesupport:No OpenGL_accelerate module loaded: No module named 'OpenGL_accelerate'
INFO:absl:MuJoCo library version is: 2.3.5
/home/sbkim/miniconda3/envs/torchbeast/lib/python3.7/site-packages/torchvision/io/image.py:13: UserWarning: Failed to load image Python extension: /home/sbkim/miniconda3/envs/torchbeast/lib/python3.7/site-packages/torchvision/image.so: undefined symbol: _ZN5torch3jit17parseSchemaOrNameERKNSt7__cxx1112basic_stringIcSt11char_traitsIcESaIcEEE
  warn(f"Failed to load image Python extension: {e}")
WARNING:absl:Cannot set velocity on Entity with no free joint.
WARNING:absl:Cannot set velocity on Entity with no free joint.
INFO:root:Episode ended after 1000 steps. Return: 2.0
WARNING:absl:Cannot set velocity on Entity with no free joint.
INFO:root:Episode ended after 1000 steps. Return: 8.0
WARNING:absl:Cannot set velocity on Entity with no free joint.
INFO:root:Episode ended after 1000 steps. Return: 26.0
WARNING:absl:Cannot set velocity on Entity with no free joint.
INFO:root:Episode ended after 1000 steps. Return: 3.0
WARNING:absl:Cannot set velocity on Entity with no free joint.
INFO:root:Episode ended after 1000 steps. Return: 6.0
WARNING:absl:Cannot set velocity on Entity with no free joint.
INFO:root:Episode ended after 1000 steps. Return: 9.0
WARNING:absl:Cannot set velocity on Entity with no free joint.
INFO:root:Episode ended after 1000 steps. Return: 6.0
WARNING:absl:Cannot set velocity on Entity with no free joint.
INFO:root:Episode ended after 1000 steps. Return: 15.0
WARNING:absl:Cannot set velocity on Entity with no free joint.
INFO:root:Episode ended after 1000 steps. Return: 22.0
WARNING:absl:Cannot set velocity on Entity with no free joint.
INFO:root:Episode ended after 1000 steps. Return: 5.0
WARNING:absl:Cannot set velocity on Entity with no free joint.
INFO:root:Episode ended after 1000 steps. Return: 22.0
WARNING:absl:Cannot set velocity on Entity with no free joint.
INFO:root:Episode ended after 1000 steps. Return: 18.0
WARNING:absl:Cannot set velocity on Entity with no free joint.
INFO:root:Episode ended after 1000 steps. Return: 3.0
WARNING:absl:Cannot set velocity on Entity with no free joint.
INFO:root:Episode ended after 1000 steps. Return: 4.0
WARNING:absl:Cannot set velocity on Entity with no free joint.
INFO:root:Episode ended after 1000 steps. Return: 13.0
WARNING:absl:Cannot set velocity on Entity with no free joint.
INFO:root:Episode ended after 1000 steps. Return: 10.0
WARNING:absl:Cannot set velocity on Entity with no free joint.
INFO:root:Episode ended after 1000 steps. Return: 3.0
WARNING:absl:Cannot set velocity on Entity with no free joint.
INFO:root:Episode ended after 1000 steps. Return: 6.0
WARNING:absl:Cannot set velocity on Entity with no free joint.
INFO:root:Episode ended after 1000 steps. Return: 2.0
WARNING:absl:Cannot set velocity on Entity with no free joint.
INFO:root:Episode ended after 1000 steps. Return: 2.0
WARNING:absl:Cannot set velocity on Entity with no free joint.
INFO:root:Episode ended after 1000 steps. Return: 16.0
WARNING:absl:Cannot set velocity on Entity with no free joint.
INFO:root:Episode ended after 1000 steps. Return: 6.0
WARNING:absl:Cannot set velocity on Entity with no free joint.
INFO:root:Episode ended after 1000 steps. Return: 25.0
WARNING:absl:Cannot set velocity on Entity with no free joint.
INFO:root:Episode ended after 1000 steps. Return: 2.0
WARNING:absl:Cannot set velocity on Entity with no free joint.
INFO:root:Episode ended after 1000 steps. Return: 23.0
WARNING:absl:Cannot set velocity on Entity with no free joint.
INFO:root:Episode ended after 1000 steps. Return: 7.0
WARNING:absl:Cannot set velocity on Entity with no free joint.
INFO:root:Episode ended after 1000 steps. Return: 1.0
WARNING:absl:Cannot set velocity on Entity with no free joint.
INFO:root:Episode ended after 1000 steps. Return: 8.0
WARNING:absl:Cannot set velocity on Entity with no free joint.
INFO:root:Episode ended after 1000 steps. Return: 7.0
WARNING:absl:Cannot set velocity on Entity with no free joint.
INFO:root:Episode ended after 1000 steps. Return: 5.0
WARNING:absl:Cannot set velocity on Entity with no free joint.
INFO:root:Episode ended after 1000 steps. Return: 2.0
WARNING:absl:Cannot set velocity on Entity with no free joint.
INFO:root:Episode ended after 1000 steps. Return: 8.0
WARNING:absl:Cannot set velocity on Entity with no free joint.
INFO:root:Episode ended after 1000 steps. Return: 18.0
WARNING:absl:Cannot set velocity on Entity with no free joint.
INFO:root:Episode ended after 1000 steps. Return: 11.0
WARNING:absl:Cannot set velocity on Entity with no free joint.
INFO:root:Episode ended after 1000 steps. Return: 9.0
WARNING:absl:Cannot set velocity on Entity with no free joint.
INFO:root:Episode ended after 1000 steps. Return: 23.0
WARNING:absl:Cannot set velocity on Entity with no free joint.
INFO:root:Episode ended after 1000 steps. Return: 23.0
WARNING:absl:Cannot set velocity on Entity with no free joint.
INFO:root:Episode ended after 1000 steps. Return: 14.0
WARNING:absl:Cannot set velocity on Entity with no free joint.
INFO:root:Episode ended after 1000 steps. Return: 22.0
WARNING:absl:Cannot set velocity on Entity with no free joint.
INFO:root:Episode ended after 1000 steps. Return: 5.0
WARNING:absl:Cannot set velocity on Entity with no free joint.
INFO:root:Episode ended after 1000 steps. Return: 17.0
WARNING:absl:Cannot set velocity on Entity with no free joint.
INFO:root:Episode ended after 1000 steps. Return: 7.0
WARNING:absl:Cannot set velocity on Entity with no free joint.
INFO:root:Episode ended after 1000 steps. Return: 10.0
WARNING:absl:Cannot set velocity on Entity with no free joint.
INFO:root:Episode ended after 1000 steps. Return: 5.0
WARNING:absl:Cannot set velocity on Entity with no free joint.
INFO:root:Episode ended after 1000 steps. Return: 10.0
WARNING:absl:Cannot set velocity on Entity with no free joint.
INFO:root:Episode ended after 1000 steps. Return: 3.0
WARNING:absl:Cannot set velocity on Entity with no free joint.
INFO:root:Episode ended after 1000 steps. Return: 1.0
WARNING:absl:Cannot set velocity on Entity with no free joint.
INFO:root:Episode ended after 1000 steps. Return: 19.0
WARNING:absl:Cannot set velocity on Entity with no free joint.
INFO:root:Episode ended after 1000 steps. Return: 14.0
WARNING:absl:Cannot set velocity on Entity with no free joint.
INFO:root:Episode ended after 1000 steps. Return: 12.0
INFO:root:Average returns over 50 steps: 10.4
INFO:root:Average returns over 50 steps: 10.4
Namespace(alpha=0.99, baseline_cost=0.5, batch_size=32, disable_checkpoint=False, disable_cuda=False, discounting=0.99, entropy_cost=0.001, env='memory_maze:MemoryMaze-15x15-ExtraObs-v0', epsilon=1e-07, gpu_n=3, grad_norm_clipping=40.0, learning_rate=0.0002, mode='test', momentum=0, num_actors=12, num_buffers=None, num_learner_threads=2, pos_noise=0.5, posemb='noisygt', record='True', reward_clipping='abs_one', savedir='../logs', total_steps=100000000, unroll_length=100, use_int_rew=False, use_lstm=False, wandb_mode='online', xpid=None)
10.36
